<?xml version="1.0" encoding="UTF-8"?>
<testng-results skipped="0" failed="1" ignored="0" total="2" passed="1">
  <reporter-output>
  </reporter-output>
  <suite name="DCTProject" duration-ms="37228" started-at="2020-04-13T18:03:19 EDT" finished-at="2020-04-13T18:03:56 EDT">
    <groups>
    </groups>
    <test name="Verifying move DCT" duration-ms="37228" started-at="2020-04-13T18:03:19 EDT" finished-at="2020-04-13T18:03:56 EDT">
      <class name="net.azurewebsites.dct_jackson_qc_cgst.testCases.TC_DCT_MoveTest">
        <test-method status="PASS" signature="startReport()[pri:0, instance:net.azurewebsites.dct_jackson_qc_cgst.testCases.TC_DCT_MoveTest@462d5aee]" name="startReport" is-config="true" duration-ms="140" started-at="2020-04-13T18:03:19 EDT" finished-at="2020-04-13T18:03:19 EDT">
          <reporter-output>
          </reporter-output>
        </test-method> <!-- startReport -->
        <test-method status="PASS" signature="setup()[pri:0, instance:net.azurewebsites.dct_jackson_qc_cgst.testCases.TC_DCT_MoveTest@462d5aee]" name="setup" is-config="true" duration-ms="11103" started-at="2020-04-13T18:03:19 EDT" finished-at="2020-04-13T18:03:30 EDT">
          <reporter-output>
          </reporter-output>
        </test-method> <!-- setup -->
        <test-method status="PASS" signature="loginToDCT()[pri:0, instance:net.azurewebsites.dct_jackson_qc_cgst.testCases.TC_DCT_MoveTest@462d5aee]" name="loginToDCT" duration-ms="5493" started-at="2020-04-13T18:03:30 EDT" finished-at="2020-04-13T18:03:36 EDT">
          <reporter-output>
          </reporter-output>
        </test-method> <!-- loginToDCT -->
        <test-method status="PASS" signature="getResult(org.testng.ITestResult)[pri:0, instance:net.azurewebsites.dct_jackson_qc_cgst.testCases.TC_DCT_MoveTest@462d5aee]" name="getResult" is-config="true" duration-ms="712" started-at="2020-04-13T18:03:36 EDT" finished-at="2020-04-13T18:03:37 EDT">
          <params>
            <param index="0">
              <value>
                <![CDATA[[TestResult name=loginToDCT status=SUCCESS method=TC_DCT_MoveTest.loginToDCT()[pri:0, instance:net.azurewebsites.dct_jackson_qc_cgst.testCases.TC_DCT_MoveTest@462d5aee] output={null}]]]>
              </value>
            </param>
          </params>
          <reporter-output>
          </reporter-output>
        </test-method> <!-- getResult -->
        <test-method status="PASS" signature="setup()[pri:0, instance:net.azurewebsites.dct_jackson_qc_cgst.testCases.TC_DCT_MoveTest@462d5aee]" name="setup" is-config="true" duration-ms="10214" started-at="2020-04-13T18:03:37 EDT" finished-at="2020-04-13T18:03:47 EDT">
          <reporter-output>
          </reporter-output>
        </test-method> <!-- setup -->
        <test-method status="FAIL" signature="moveByAssessmentFinder()[pri:0, instance:net.azurewebsites.dct_jackson_qc_cgst.testCases.TC_DCT_MoveTest@462d5aee]" name="moveByAssessmentFinder" duration-ms="8045" started-at="2020-04-13T18:03:47 EDT" finished-at="2020-04-13T18:03:55 EDT">
          <exception class="org.openqa.selenium.ElementClickInterceptedException">
            <message>
              <![CDATA[element click intercepted: Element <button class="jss161 jss162 jss164 jss175 jss176 jss178 jss179 jss184" tabindex="-1" type="button" disabled="">...</button> is not clickable at point (441, 533). Other element would receive the click: <div align="right" class="jss83">...</div>
  (Session info: chrome=81.0.4044.92)
Build info: version: '3.141.59', revision: 'e82be7d358', time: '2018-11-14T08:17:03'
System info: host: 'ZKAPADIA-LT', ip: '192.168.90.39', os.name: 'Windows 10', os.arch: 'amd64', os.version: '10.0', java.version: '1.8.0_191'
Driver info: org.openqa.selenium.chrome.ChromeDriver
Capabilities {acceptInsecureCerts: false, browserName: chrome, browserVersion: 81.0.4044.92, chrome: {chromedriverVersion: 80.0.3987.106 (f68069574609..., userDataDir: C:\Users\zkapadia\AppData\L...}, goog:chromeOptions: {debuggerAddress: localhost:51258}, javascriptEnabled: true, networkConnectionEnabled: false, pageLoadStrategy: normal, platform: WINDOWS, platformName: WINDOWS, proxy: Proxy(), setWindowRect: true, strictFileInteractability: false, timeouts: {implicit: 0, pageLoad: 300000, script: 30000}, unhandledPromptBehavior: dismiss and notify}
Session ID: 4d69bc74554122d58ed9585dae475909]]>
            </message>
            <full-stacktrace>
              <![CDATA[org.openqa.selenium.ElementClickInterceptedException: element click intercepted: Element <button class="jss161 jss162 jss164 jss175 jss176 jss178 jss179 jss184" tabindex="-1" type="button" disabled="">...</button> is not clickable at point (441, 533). Other element would receive the click: <div align="right" class="jss83">...</div>
  (Session info: chrome=81.0.4044.92)
Build info: version: '3.141.59', revision: 'e82be7d358', time: '2018-11-14T08:17:03'
System info: host: 'ZKAPADIA-LT', ip: '192.168.90.39', os.name: 'Windows 10', os.arch: 'amd64', os.version: '10.0', java.version: '1.8.0_191'
Driver info: org.openqa.selenium.chrome.ChromeDriver
Capabilities {acceptInsecureCerts: false, browserName: chrome, browserVersion: 81.0.4044.92, chrome: {chromedriverVersion: 80.0.3987.106 (f68069574609..., userDataDir: C:\Users\zkapadia\AppData\L...}, goog:chromeOptions: {debuggerAddress: localhost:51258}, javascriptEnabled: true, networkConnectionEnabled: false, pageLoadStrategy: normal, platform: WINDOWS, platformName: WINDOWS, proxy: Proxy(), setWindowRect: true, strictFileInteractability: false, timeouts: {implicit: 0, pageLoad: 300000, script: 30000}, unhandledPromptBehavior: dismiss and notify}
Session ID: 4d69bc74554122d58ed9585dae475909
at sun.reflect.NativeConstructorAccessorImpl.newInstance0(Native Method)
at sun.reflect.NativeConstructorAccessorImpl.newInstance(NativeConstructorAccessorImpl.java:62)
at sun.reflect.DelegatingConstructorAccessorImpl.newInstance(DelegatingConstructorAccessorImpl.java:45)
at java.lang.reflect.Constructor.newInstance(Constructor.java:423)
at org.openqa.selenium.remote.http.W3CHttpResponseCodec.createException(W3CHttpResponseCodec.java:187)
at org.openqa.selenium.remote.http.W3CHttpResponseCodec.decode(W3CHttpResponseCodec.java:122)
at org.openqa.selenium.remote.http.W3CHttpResponseCodec.decode(W3CHttpResponseCodec.java:49)
at org.openqa.selenium.remote.HttpCommandExecutor.execute(HttpCommandExecutor.java:158)
at org.openqa.selenium.remote.service.DriverCommandExecutor.execute(DriverCommandExecutor.java:83)
at org.openqa.selenium.remote.RemoteWebDriver.execute(RemoteWebDriver.java:552)
at org.openqa.selenium.remote.RemoteWebElement.execute(RemoteWebElement.java:285)
at org.openqa.selenium.remote.RemoteWebElement.click(RemoteWebElement.java:84)
at sun.reflect.NativeMethodAccessorImpl.invoke0(Native Method)
at sun.reflect.NativeMethodAccessorImpl.invoke(NativeMethodAccessorImpl.java:62)
at sun.reflect.DelegatingMethodAccessorImpl.invoke(DelegatingMethodAccessorImpl.java:43)
at java.lang.reflect.Method.invoke(Method.java:498)
at org.openqa.selenium.support.pagefactory.internal.LocatingElementHandler.invoke(LocatingElementHandler.java:51)
at com.sun.proxy.$Proxy13.click(Unknown Source)
at net.azurewebsites.dct_jackson_qc_cgst.pageObjects.AssessmentFinderSearch.clickFindByCriteriaBtn(AssessmentFinderSearch.java:56)
at resources.Base.moveAssessment(Base.java:96)
at net.azurewebsites.dct_jackson_qc_cgst.testCases.TC_DCT_MoveTest.moveByAssessmentFinder(TC_DCT_MoveTest.java:98)
at sun.reflect.NativeMethodAccessorImpl.invoke0(Native Method)
at sun.reflect.NativeMethodAccessorImpl.invoke(NativeMethodAccessorImpl.java:62)
at sun.reflect.DelegatingMethodAccessorImpl.invoke(DelegatingMethodAccessorImpl.java:43)
at java.lang.reflect.Method.invoke(Method.java:498)
at org.testng.internal.MethodInvocationHelper.invokeMethod(MethodInvocationHelper.java:134)
at org.testng.internal.TestInvoker.invokeMethod(TestInvoker.java:597)
at org.testng.internal.TestInvoker.invokeTestMethod(TestInvoker.java:173)
at org.testng.internal.MethodRunner.runInSequence(MethodRunner.java:46)
at org.testng.internal.TestInvoker$MethodInvocationAgent.invoke(TestInvoker.java:816)
at org.testng.internal.TestInvoker.invokeTestMethods(TestInvoker.java:146)
at org.testng.internal.TestMethodWorker.invokeTestMethods(TestMethodWorker.java:146)
at org.testng.internal.TestMethodWorker.run(TestMethodWorker.java:128)
at java.util.ArrayList.forEach(ArrayList.java:1257)
at org.testng.TestRunner.privateRun(TestRunner.java:766)
at org.testng.TestRunner.run(TestRunner.java:587)
at org.testng.SuiteRunner.runTest(SuiteRunner.java:384)
at org.testng.SuiteRunner.runSequentially(SuiteRunner.java:378)
at org.testng.SuiteRunner.privateRun(SuiteRunner.java:337)
at org.testng.SuiteRunner.run(SuiteRunner.java:286)
at org.testng.SuiteRunnerWorker.runSuite(SuiteRunnerWorker.java:53)
at org.testng.SuiteRunnerWorker.run(SuiteRunnerWorker.java:96)
at org.testng.TestNG.runSuitesSequentially(TestNG.java:1187)
at org.testng.TestNG.runSuitesLocally(TestNG.java:1109)
at org.testng.TestNG.runSuites(TestNG.java:1039)
at org.testng.TestNG.run(TestNG.java:1007)
at org.testng.remote.AbstractRemoteTestNG.run(AbstractRemoteTestNG.java:115)
at org.testng.remote.RemoteTestNG.initAndRun(RemoteTestNG.java:251)
at org.testng.remote.RemoteTestNG.main(RemoteTestNG.java:77)
]]>
            </full-stacktrace>
          </exception> <!-- org.openqa.selenium.ElementClickInterceptedException -->
          <reporter-output>
          </reporter-output>
        </test-method> <!-- moveByAssessmentFinder -->
        <test-method status="PASS" signature="getResult(org.testng.ITestResult)[pri:0, instance:net.azurewebsites.dct_jackson_qc_cgst.testCases.TC_DCT_MoveTest@462d5aee]" name="getResult" is-config="true" duration-ms="1000" started-at="2020-04-13T18:03:55 EDT" finished-at="2020-04-13T18:03:56 EDT">
          <params>
            <param index="0">
              <value>
                <![CDATA[[TestResult name=moveByAssessmentFinder status=FAILURE method=TC_DCT_MoveTest.moveByAssessmentFinder()[pri:0, instance:net.azurewebsites.dct_jackson_qc_cgst.testCases.TC_DCT_MoveTest@462d5aee] output={null}]]]>
              </value>
            </param>
          </params>
          <reporter-output>
          </reporter-output>
        </test-method> <!-- getResult -->
        <test-method status="PASS" signature="endReport()[pri:0, instance:net.azurewebsites.dct_jackson_qc_cgst.testCases.TC_DCT_MoveTest@462d5aee]" name="endReport" is-config="true" duration-ms="477" started-at="2020-04-13T18:03:56 EDT" finished-at="2020-04-13T18:03:56 EDT">
          <reporter-output>
          </reporter-output>
        </test-method> <!-- endReport -->
      </class> <!-- net.azurewebsites.dct_jackson_qc_cgst.testCases.TC_DCT_MoveTest -->
    </test> <!-- Verifying move DCT -->
  </suite> <!-- DCTProject -->
</testng-results>
